This file contains any messages produced by compilers while
running configure, to aid debugging if configure makes a mistake.

It was created by hwdecode_demos configure 0.9.6.pre1, which was
generated by GNU Autoconf 2.69.  Invocation command line was

  $ ./configure --disable-ffmpeg

## --------- ##
## Platform. ##
## --------- ##

hostname = toughbook31
uname -m = x86_64
uname -r = 4.2.0-38-generic
uname -s = Linux
uname -v = #45-Ubuntu SMP Wed Jun 8 21:21:49 UTC 2016

/usr/bin/uname -p = unknown
/bin/uname -X     = unknown

/bin/arch              = unknown
/usr/bin/arch -k       = unknown
/usr/convex/getsysinfo = unknown
/usr/bin/hostinfo      = unknown
/bin/machine           = unknown
/usr/bin/oslevel       = unknown
/bin/universe          = unknown

PATH: /home/sol/.nvm/versions/node/v5.1.1/bin
PATH: /usr/local/sbin
PATH: /usr/local/bin
PATH: /usr/sbin
PATH: /usr/bin
PATH: /sbin
PATH: /bin
PATH: /usr/games
PATH: /usr/local/games


## ----------- ##
## Core tests. ##
## ----------- ##

configure:2427: checking for a BSD-compatible install
configure:2495: result: /usr/bin/install -c
configure:2506: checking whether build environment is sane
configure:2561: result: yes
configure:2712: checking for a thread-safe mkdir -p
configure:2751: result: /bin/mkdir -p
configure:2758: checking for gawk
configure:2788: result: no
configure:2758: checking for mawk
configure:2774: found /usr/bin/mawk
configure:2785: result: mawk
configure:2796: checking whether make sets $(MAKE)
configure:2818: result: yes
configure:2847: checking whether make supports nested variables
configure:2864: result: yes
configure:3021: checking whether make supports nested variables
configure:3038: result: yes
configure:3177: checking build system type
configure:3191: result: x86_64-unknown-linux-gnu
configure:3211: checking host system type
configure:3224: result: x86_64-unknown-linux-gnu
configure:3265: checking how to print strings
configure:3292: result: printf
configure:3325: checking for style of include used by make
configure:3353: result: GNU
configure:3424: checking for gcc
configure:3440: found /usr/bin/gcc
configure:3451: result: gcc
configure:3680: checking for C compiler version
configure:3689: gcc --version >&5
gcc (Ubuntu 5.2.1-22ubuntu2) 5.2.1 20151010
Copyright (C) 2015 Free Software Foundation, Inc.
This is free software; see the source for copying conditions.  There is NO
warranty; not even for MERCHANTABILITY or FITNESS FOR A PARTICULAR PURPOSE.

configure:3700: $? = 0
configure:3689: gcc -v >&5
Using built-in specs.
COLLECT_GCC=gcc
COLLECT_LTO_WRAPPER=/usr/lib/gcc/x86_64-linux-gnu/5/lto-wrapper
Target: x86_64-linux-gnu
Configured with: ../src/configure -v --with-pkgversion='Ubuntu 5.2.1-22ubuntu2' --with-bugurl=file:///usr/share/doc/gcc-5/README.Bugs --enable-languages=c,ada,c++,java,go,d,fortran,objc,obj-c++ --prefix=/usr --program-suffix=-5 --enable-shared --enable-linker-build-id --libexecdir=/usr/lib --without-included-gettext --enable-threads=posix --libdir=/usr/lib --enable-nls --with-sysroot=/ --enable-clocale=gnu --enable-libstdcxx-debug --enable-libstdcxx-time=yes --with-default-libstdcxx-abi=new --enable-gnu-unique-object --disable-vtable-verify --enable-libmpx --enable-plugin --with-system-zlib --disable-browser-plugin --enable-java-awt=gtk --enable-gtk-cairo --with-java-home=/usr/lib/jvm/java-1.5.0-gcj-5-amd64/jre --enable-java-home --with-jvm-root-dir=/usr/lib/jvm/java-1.5.0-gcj-5-amd64 --with-jvm-jar-dir=/usr/lib/jvm-exports/java-1.5.0-gcj-5-amd64 --with-arch-directory=amd64 --with-ecj-jar=/usr/share/java/eclipse-ecj.jar --enable-objc-gc --enable-multiarch --disable-werror --with-arch-32=i686 --with-abi=m64 --with-multilib-list=m32,m64,mx32 --enable-multilib --with-tune=generic --enable-checking=release --build=x86_64-linux-gnu --host=x86_64-linux-gnu --target=x86_64-linux-gnu
Thread model: posix
gcc version 5.2.1 20151010 (Ubuntu 5.2.1-22ubuntu2) 
configure:3700: $? = 0
configure:3689: gcc -V >&5
gcc: error: unrecognized command line option '-V'
gcc: fatal error: no input files
compilation terminated.
configure:3700: $? = 1
configure:3689: gcc -qversion >&5
gcc: error: unrecognized command line option '-qversion'
gcc: fatal error: no input files
compilation terminated.
configure:3700: $? = 1
configure:3720: checking whether the C compiler works
configure:3742: gcc    conftest.c  >&5
configure:3746: $? = 0
configure:3794: result: yes
configure:3797: checking for C compiler default output file name
configure:3799: result: a.out
configure:3805: checking for suffix of executables
configure:3812: gcc -o conftest    conftest.c  >&5
configure:3816: $? = 0
configure:3838: result: 
configure:3860: checking whether we are cross compiling
configure:3868: gcc -o conftest    conftest.c  >&5
configure:3872: $? = 0
configure:3879: ./conftest
configure:3883: $? = 0
configure:3898: result: no
configure:3903: checking for suffix of object files
configure:3925: gcc -c   conftest.c >&5
configure:3929: $? = 0
configure:3950: result: o
configure:3954: checking whether we are using the GNU C compiler
configure:3973: gcc -c   conftest.c >&5
configure:3973: $? = 0
configure:3982: result: yes
configure:3991: checking whether gcc accepts -g
configure:4011: gcc -c -g  conftest.c >&5
configure:4011: $? = 0
configure:4052: result: yes
configure:4069: checking for gcc option to accept ISO C89
configure:4132: gcc  -c -g -O2  conftest.c >&5
configure:4132: $? = 0
configure:4145: result: none needed
configure:4170: checking whether gcc understands -c and -o together
configure:4192: gcc -c conftest.c -o conftest2.o
configure:4195: $? = 0
configure:4192: gcc -c conftest.c -o conftest2.o
configure:4195: $? = 0
configure:4207: result: yes
configure:4226: checking dependency style of gcc
configure:4337: result: gcc3
configure:4352: checking for a sed that does not truncate output
configure:4416: result: /bin/sed
configure:4434: checking for grep that handles long lines and -e
configure:4492: result: /bin/grep
configure:4497: checking for egrep
configure:4559: result: /bin/grep -E
configure:4564: checking for fgrep
configure:4626: result: /bin/grep -F
configure:4661: checking for ld used by gcc
configure:4728: result: /usr/bin/ld
configure:4735: checking if the linker (/usr/bin/ld) is GNU ld
configure:4750: result: yes
configure:4762: checking for BSD- or MS-compatible name lister (nm)
configure:4811: result: /usr/bin/nm -B
configure:4941: checking the name lister (/usr/bin/nm -B) interface
configure:4948: gcc -c -g -O2  conftest.c >&5
configure:4951: /usr/bin/nm -B "conftest.o"
configure:4954: output
0000000000000000 B some_variable
configure:4961: result: BSD nm
configure:4964: checking whether ln -s works
configure:4968: result: yes
configure:4976: checking the maximum length of command line arguments
configure:5107: result: 1572864
configure:5124: checking whether the shell understands some XSI constructs
configure:5134: result: yes
configure:5138: checking whether the shell understands "+="
configure:5144: result: yes
configure:5179: checking how to convert x86_64-unknown-linux-gnu file names to x86_64-unknown-linux-gnu format
configure:5219: result: func_convert_file_noop
configure:5226: checking how to convert x86_64-unknown-linux-gnu file names to toolchain format
configure:5246: result: func_convert_file_noop
configure:5253: checking for /usr/bin/ld option to reload object files
configure:5260: result: -r
configure:5334: checking for objdump
configure:5350: found /usr/bin/objdump
configure:5361: result: objdump
configure:5393: checking how to recognize dependent libraries
configure:5591: result: pass_all
configure:5676: checking for dlltool
configure:5706: result: no
configure:5736: checking how to associate runtime and link libraries
configure:5763: result: printf %s\n
configure:5824: checking for ar
configure:5840: found /usr/bin/ar
configure:5851: result: ar
configure:5888: checking for archiver @FILE support
configure:5905: gcc -c -g -O2  conftest.c >&5
configure:5905: $? = 0
configure:5908: ar cru libconftest.a @conftest.lst >&5
ar: `u' modifier ignored since `D' is the default (see `U')
configure:5911: $? = 0
configure:5916: ar cru libconftest.a @conftest.lst >&5
ar: `u' modifier ignored since `D' is the default (see `U')
ar: conftest.o: No such file or directory
configure:5919: $? = 1
configure:5931: result: @
configure:5989: checking for strip
configure:6005: found /usr/bin/strip
configure:6016: result: strip
configure:6088: checking for ranlib
configure:6104: found /usr/bin/ranlib
configure:6115: result: ranlib
configure:6217: checking command to parse /usr/bin/nm -B output from gcc object
configure:6337: gcc -c -g -O2  conftest.c >&5
configure:6340: $? = 0
configure:6344: /usr/bin/nm -B conftest.o \| sed -n -e 's/^.*[ ]\([ABCDGIRSTW][ABCDGIRSTW]*\)[ ][ ]*\([_A-Za-z][_A-Za-z0-9]*\)$/\1 \2 \2/p' | sed '/ __gnu_lto/d' \> conftest.nm
configure:6347: $? = 0
configure:6413: gcc -o conftest -g -O2   conftest.c conftstm.o >&5
configure:6416: $? = 0
configure:6454: result: ok
configure:6491: checking for sysroot
configure:6521: result: no
configure:6598: gcc -c -g -O2  conftest.c >&5
configure:6601: $? = 0
configure:6790: checking for mt
configure:6806: found /bin/mt
configure:6817: result: mt
configure:6840: checking if mt is a manifest tool
configure:6846: mt '-?'
configure:6854: result: no
configure:7496: checking how to run the C preprocessor
configure:7527: gcc -E  conftest.c
configure:7527: $? = 0
configure:7541: gcc -E  conftest.c
conftest.c:15:28: fatal error: ac_nonexistent.h: No such file or directory
compilation terminated.
configure:7541: $? = 1
configure: failed program was:
| /* confdefs.h */
| #define PACKAGE_NAME "hwdecode_demos"
| #define PACKAGE_TARNAME "hwdecode-demos"
| #define PACKAGE_VERSION "0.9.6.pre1"
| #define PACKAGE_STRING "hwdecode_demos 0.9.6.pre1"
| #define PACKAGE_BUGREPORT "gbeauchesne@splitted-desktop.com"
| #define PACKAGE_URL ""
| #define PACKAGE "hwdecode-demos"
| #define VERSION "0.9.6.pre1"
| #define HWDECODE_DEMOS_MAJOR_VERSION 0
| #define HWDECODE_DEMOS_MINOR_VERSION 9
| #define HWDECODE_DEMOS_MICRO_VERSION 6
| #define HWDECODE_DEMOS_PRE_VERSION 1
| /* end confdefs.h.  */
| #include <ac_nonexistent.h>
configure:7566: result: gcc -E
configure:7586: gcc -E  conftest.c
configure:7586: $? = 0
configure:7600: gcc -E  conftest.c
conftest.c:15:28: fatal error: ac_nonexistent.h: No such file or directory
compilation terminated.
configure:7600: $? = 1
configure: failed program was:
| /* confdefs.h */
| #define PACKAGE_NAME "hwdecode_demos"
| #define PACKAGE_TARNAME "hwdecode-demos"
| #define PACKAGE_VERSION "0.9.6.pre1"
| #define PACKAGE_STRING "hwdecode_demos 0.9.6.pre1"
| #define PACKAGE_BUGREPORT "gbeauchesne@splitted-desktop.com"
| #define PACKAGE_URL ""
| #define PACKAGE "hwdecode-demos"
| #define VERSION "0.9.6.pre1"
| #define HWDECODE_DEMOS_MAJOR_VERSION 0
| #define HWDECODE_DEMOS_MINOR_VERSION 9
| #define HWDECODE_DEMOS_MICRO_VERSION 6
| #define HWDECODE_DEMOS_PRE_VERSION 1
| /* end confdefs.h.  */
| #include <ac_nonexistent.h>
configure:7629: checking for ANSI C header files
configure:7649: gcc -c -g -O2  conftest.c >&5
configure:7649: $? = 0
configure:7722: gcc -o conftest -g -O2   conftest.c  >&5
configure:7722: $? = 0
configure:7722: ./conftest
configure:7722: $? = 0
configure:7733: result: yes
configure:7746: checking for sys/types.h
configure:7746: gcc -c -g -O2  conftest.c >&5
configure:7746: $? = 0
configure:7746: result: yes
configure:7746: checking for sys/stat.h
configure:7746: gcc -c -g -O2  conftest.c >&5
configure:7746: $? = 0
configure:7746: result: yes
configure:7746: checking for stdlib.h
configure:7746: gcc -c -g -O2  conftest.c >&5
configure:7746: $? = 0
configure:7746: result: yes
configure:7746: checking for string.h
configure:7746: gcc -c -g -O2  conftest.c >&5
configure:7746: $? = 0
configure:7746: result: yes
configure:7746: checking for memory.h
configure:7746: gcc -c -g -O2  conftest.c >&5
configure:7746: $? = 0
configure:7746: result: yes
configure:7746: checking for strings.h
configure:7746: gcc -c -g -O2  conftest.c >&5
configure:7746: $? = 0
configure:7746: result: yes
configure:7746: checking for inttypes.h
configure:7746: gcc -c -g -O2  conftest.c >&5
configure:7746: $? = 0
configure:7746: result: yes
configure:7746: checking for stdint.h
configure:7746: gcc -c -g -O2  conftest.c >&5
configure:7746: $? = 0
configure:7746: result: yes
configure:7746: checking for unistd.h
configure:7746: gcc -c -g -O2  conftest.c >&5
configure:7746: $? = 0
configure:7746: result: yes
configure:7760: checking for dlfcn.h
configure:7760: gcc -c -g -O2  conftest.c >&5
configure:7760: $? = 0
configure:7760: result: yes
configure:7936: checking for objdir
configure:7951: result: .libs
configure:8218: checking if gcc supports -fno-rtti -fno-exceptions
configure:8236: gcc -c -g -O2  -fno-rtti -fno-exceptions conftest.c >&5
cc1: warning: command line option '-fno-rtti' is valid for C++/ObjC++ but not for C
configure:8240: $? = 0
configure:8253: result: no
configure:8580: checking for gcc option to produce PIC
configure:8587: result: -fPIC -DPIC
configure:8595: checking if gcc PIC flag -fPIC -DPIC works
configure:8613: gcc -c -g -O2  -fPIC -DPIC -DPIC conftest.c >&5
configure:8617: $? = 0
configure:8630: result: yes
configure:8659: checking if gcc static flag -static works
configure:8687: result: yes
configure:8702: checking if gcc supports -c -o file.o
configure:8723: gcc -c -g -O2  -o out/conftest2.o conftest.c >&5
configure:8727: $? = 0
configure:8749: result: yes
configure:8757: checking if gcc supports -c -o file.o
configure:8804: result: yes
configure:8837: checking whether the gcc linker (/usr/bin/ld -m elf_x86_64) supports shared libraries
configure:9994: result: yes
configure:10031: checking whether -lc should be explicitly linked in
configure:10039: gcc -c -g -O2  conftest.c >&5
configure:10042: $? = 0
configure:10057: gcc -shared  -fPIC -DPIC conftest.o  -v -Wl,-soname -Wl,conftest -o conftest 2\>\&1 \| /bin/grep  -lc  \>/dev/null 2\>\&1
configure:10060: $? = 0
configure:10074: result: no
configure:10234: checking dynamic linker characteristics
configure:10734: gcc -o conftest -g -O2   -Wl,-rpath -Wl,/foo conftest.c  >&5
configure:10734: $? = 0
configure:10968: result: GNU/Linux ld.so
configure:11075: checking how to hardcode library paths into programs
configure:11100: result: immediate
configure:11640: checking whether stripping libraries is possible
configure:11645: result: yes
configure:11680: checking if libtool supports shared libraries
configure:11682: result: yes
configure:11685: checking whether to build shared libraries
configure:11706: result: yes
configure:11709: checking whether to build static libraries
configure:11713: result: no
configure:11798: checking for gcc
configure:11825: result: gcc
configure:12054: checking for C compiler version
configure:12063: gcc --version >&5
gcc (Ubuntu 5.2.1-22ubuntu2) 5.2.1 20151010
Copyright (C) 2015 Free Software Foundation, Inc.
This is free software; see the source for copying conditions.  There is NO
warranty; not even for MERCHANTABILITY or FITNESS FOR A PARTICULAR PURPOSE.

configure:12074: $? = 0
configure:12063: gcc -v >&5
Using built-in specs.
COLLECT_GCC=gcc
COLLECT_LTO_WRAPPER=/usr/lib/gcc/x86_64-linux-gnu/5/lto-wrapper
Target: x86_64-linux-gnu
Configured with: ../src/configure -v --with-pkgversion='Ubuntu 5.2.1-22ubuntu2' --with-bugurl=file:///usr/share/doc/gcc-5/README.Bugs --enable-languages=c,ada,c++,java,go,d,fortran,objc,obj-c++ --prefix=/usr --program-suffix=-5 --enable-shared --enable-linker-build-id --libexecdir=/usr/lib --without-included-gettext --enable-threads=posix --libdir=/usr/lib --enable-nls --with-sysroot=/ --enable-clocale=gnu --enable-libstdcxx-debug --enable-libstdcxx-time=yes --with-default-libstdcxx-abi=new --enable-gnu-unique-object --disable-vtable-verify --enable-libmpx --enable-plugin --with-system-zlib --disable-browser-plugin --enable-java-awt=gtk --enable-gtk-cairo --with-java-home=/usr/lib/jvm/java-1.5.0-gcj-5-amd64/jre --enable-java-home --with-jvm-root-dir=/usr/lib/jvm/java-1.5.0-gcj-5-amd64 --with-jvm-jar-dir=/usr/lib/jvm-exports/java-1.5.0-gcj-5-amd64 --with-arch-directory=amd64 --with-ecj-jar=/usr/share/java/eclipse-ecj.jar --enable-objc-gc --enable-multiarch --disable-werror --with-arch-32=i686 --with-abi=m64 --with-multilib-list=m32,m64,mx32 --enable-multilib --with-tune=generic --enable-checking=release --build=x86_64-linux-gnu --host=x86_64-linux-gnu --target=x86_64-linux-gnu
Thread model: posix
gcc version 5.2.1 20151010 (Ubuntu 5.2.1-22ubuntu2) 
configure:12074: $? = 0
configure:12063: gcc -V >&5
gcc: error: unrecognized command line option '-V'
gcc: fatal error: no input files
compilation terminated.
configure:12074: $? = 1
configure:12063: gcc -qversion >&5
gcc: error: unrecognized command line option '-qversion'
gcc: fatal error: no input files
compilation terminated.
configure:12074: $? = 1
configure:12078: checking whether we are using the GNU C compiler
configure:12106: result: yes
configure:12115: checking whether gcc accepts -g
configure:12176: result: yes
configure:12193: checking for gcc option to accept ISO C89
configure:12269: result: none needed
configure:12294: checking whether gcc understands -c and -o together
configure:12331: result: yes
configure:12350: checking dependency style of gcc
configure:12461: result: gcc3
configure:12478: checking whether byte ordering is bigendian
configure:12493: gcc -c -g -O2  conftest.c >&5
conftest.c:28:9: error: unknown type name 'not'
         not a universal capable compiler
         ^
conftest.c:28:15: error: expected '=', ',', ';', 'asm' or '__attribute__' before 'universal'
         not a universal capable compiler
               ^
conftest.c:28:15: error: unknown type name 'universal'
configure:12493: $? = 1
configure: failed program was:
| /* confdefs.h */
| #define PACKAGE_NAME "hwdecode_demos"
| #define PACKAGE_TARNAME "hwdecode-demos"
| #define PACKAGE_VERSION "0.9.6.pre1"
| #define PACKAGE_STRING "hwdecode_demos 0.9.6.pre1"
| #define PACKAGE_BUGREPORT "gbeauchesne@splitted-desktop.com"
| #define PACKAGE_URL ""
| #define PACKAGE "hwdecode-demos"
| #define VERSION "0.9.6.pre1"
| #define HWDECODE_DEMOS_MAJOR_VERSION 0
| #define HWDECODE_DEMOS_MINOR_VERSION 9
| #define HWDECODE_DEMOS_MICRO_VERSION 6
| #define HWDECODE_DEMOS_PRE_VERSION 1
| #define STDC_HEADERS 1
| #define HAVE_SYS_TYPES_H 1
| #define HAVE_SYS_STAT_H 1
| #define HAVE_STDLIB_H 1
| #define HAVE_STRING_H 1
| #define HAVE_MEMORY_H 1
| #define HAVE_STRINGS_H 1
| #define HAVE_INTTYPES_H 1
| #define HAVE_STDINT_H 1
| #define HAVE_UNISTD_H 1
| #define HAVE_DLFCN_H 1
| #define LT_OBJDIR ".libs/"
| /* end confdefs.h.  */
| #ifndef __APPLE_CC__
| 	       not a universal capable compiler
| 	     #endif
| 	     typedef int dummy;
| 
configure:12538: gcc -c -g -O2  conftest.c >&5
configure:12538: $? = 0
configure:12556: gcc -c -g -O2  conftest.c >&5
conftest.c: In function 'main':
conftest.c:34:4: error: unknown type name 'not'
    not big endian
    ^
conftest.c:34:12: error: expected '=', ',', ';', 'asm' or '__attribute__' before 'endian'
    not big endian
            ^
configure:12556: $? = 1
configure: failed program was:
| /* confdefs.h */
| #define PACKAGE_NAME "hwdecode_demos"
| #define PACKAGE_TARNAME "hwdecode-demos"
| #define PACKAGE_VERSION "0.9.6.pre1"
| #define PACKAGE_STRING "hwdecode_demos 0.9.6.pre1"
| #define PACKAGE_BUGREPORT "gbeauchesne@splitted-desktop.com"
| #define PACKAGE_URL ""
| #define PACKAGE "hwdecode-demos"
| #define VERSION "0.9.6.pre1"
| #define HWDECODE_DEMOS_MAJOR_VERSION 0
| #define HWDECODE_DEMOS_MINOR_VERSION 9
| #define HWDECODE_DEMOS_MICRO_VERSION 6
| #define HWDECODE_DEMOS_PRE_VERSION 1
| #define STDC_HEADERS 1
| #define HAVE_SYS_TYPES_H 1
| #define HAVE_SYS_STAT_H 1
| #define HAVE_STDLIB_H 1
| #define HAVE_STRING_H 1
| #define HAVE_MEMORY_H 1
| #define HAVE_STRINGS_H 1
| #define HAVE_INTTYPES_H 1
| #define HAVE_STDINT_H 1
| #define HAVE_UNISTD_H 1
| #define HAVE_DLFCN_H 1
| #define LT_OBJDIR ".libs/"
| /* end confdefs.h.  */
| #include <sys/types.h>
| 		#include <sys/param.h>
| 
| int
| main ()
| {
| #if BYTE_ORDER != BIG_ENDIAN
| 		 not big endian
| 		#endif
| 
|   ;
|   return 0;
| }
configure:12684: result: no
configure:12702: checking for ANSI C header files
configure:12806: result: yes
configure:12821: checking for special C compiler options needed for large files
configure:12866: result: no
configure:12872: checking for _FILE_OFFSET_BITS value needed for large files
configure:12897: gcc -c -g -O2  conftest.c >&5
configure:12897: $? = 0
configure:12929: result: no
configure:13016: checking for pthread_create in -lpthread
configure:13041: gcc -o conftest -g -O2   conftest.c -lpthread   >&5
configure:13041: $? = 0
configure:13050: result: yes
configure:13167: checking for timer_create in -lrt
configure:13192: gcc -o conftest -g -O2   conftest.c -lrt  -lpthread  >&5
configure:13192: $? = 0
configure:13201: result: yes
configure:13213: checking for library containing dlopen
configure:13244: gcc -o conftest -g -O2   conftest.c -lrt -lpthread  >&5
/tmp/cciZPFVO.o: In function `main':
/home/sol/projects/paperspace/PS_QTNativeApp/vaapi/hwdecode-demos/conftest.c:42: undefined reference to `dlopen'
collect2: error: ld returned 1 exit status
configure:13244: $? = 1
configure: failed program was:
| /* confdefs.h */
| #define PACKAGE_NAME "hwdecode_demos"
| #define PACKAGE_TARNAME "hwdecode-demos"
| #define PACKAGE_VERSION "0.9.6.pre1"
| #define PACKAGE_STRING "hwdecode_demos 0.9.6.pre1"
| #define PACKAGE_BUGREPORT "gbeauchesne@splitted-desktop.com"
| #define PACKAGE_URL ""
| #define PACKAGE "hwdecode-demos"
| #define VERSION "0.9.6.pre1"
| #define HWDECODE_DEMOS_MAJOR_VERSION 0
| #define HWDECODE_DEMOS_MINOR_VERSION 9
| #define HWDECODE_DEMOS_MICRO_VERSION 6
| #define HWDECODE_DEMOS_PRE_VERSION 1
| #define STDC_HEADERS 1
| #define HAVE_SYS_TYPES_H 1
| #define HAVE_SYS_STAT_H 1
| #define HAVE_STDLIB_H 1
| #define HAVE_STRING_H 1
| #define HAVE_MEMORY_H 1
| #define HAVE_STRINGS_H 1
| #define HAVE_INTTYPES_H 1
| #define HAVE_STDINT_H 1
| #define HAVE_UNISTD_H 1
| #define HAVE_DLFCN_H 1
| #define LT_OBJDIR ".libs/"
| #define STDC_HEADERS 1
| #define HAVE_LIBPTHREAD 1
| #define HAVE_PTHREADS 1
| #define HAVE_LIBRT 1
| /* end confdefs.h.  */
| 
| /* Override any GCC internal prototype to avoid an error.
|    Use char because int might match the return type of a GCC
|    builtin and then its argument prototype would still apply.  */
| #ifdef __cplusplus
| extern "C"
| #endif
| char dlopen ();
| int
| main ()
| {
| return dlopen ();
|   ;
|   return 0;
| }
configure:13244: gcc -o conftest -g -O2   conftest.c -ldl  -lrt -lpthread  >&5
configure:13244: $? = 0
configure:13261: result: -ldl
configure:13272: checking for clock_gettime
configure:13272: gcc -o conftest -g -O2   conftest.c -ldl -lrt -lpthread  >&5
configure:13272: $? = 0
configure:13272: result: yes
configure:13336: checking for pkg-config
configure:13354: found /usr/bin/pkg-config
configure:13366: result: /usr/bin/pkg-config
configure:13391: checking pkg-config is at least version 0.9.0
configure:13394: result: yes
configure:13404: checking for LIBAVUTIL
configure:13411: $PKG_CONFIG --exists --print-errors "libavutil"
configure:13414: $? = 0
configure:13428: $PKG_CONFIG --exists --print-errors "libavutil"
configure:13431: $? = 0
configure:13471: result: yes
configure:13483: checking libavutil/pixfmt.h usability
configure:13483: gcc -c -g -O2  conftest.c >&5
configure:13483: $? = 0
configure:13483: result: yes
configure:13483: checking libavutil/pixfmt.h presence
configure:13483: gcc -E  conftest.c
configure:13483: $? = 0
configure:13483: result: yes
configure:13483: checking for libavutil/pixfmt.h
configure:13483: result: yes
configure:13483: checking ffmpeg/avutil.h usability
configure:13483: gcc -c -g -O2  conftest.c >&5
conftest.c:67:27: fatal error: ffmpeg/avutil.h: No such file or directory
compilation terminated.
configure:13483: $? = 1
configure: failed program was:
| /* confdefs.h */
| #define PACKAGE_NAME "hwdecode_demos"
| #define PACKAGE_TARNAME "hwdecode-demos"
| #define PACKAGE_VERSION "0.9.6.pre1"
| #define PACKAGE_STRING "hwdecode_demos 0.9.6.pre1"
| #define PACKAGE_BUGREPORT "gbeauchesne@splitted-desktop.com"
| #define PACKAGE_URL ""
| #define PACKAGE "hwdecode-demos"
| #define VERSION "0.9.6.pre1"
| #define HWDECODE_DEMOS_MAJOR_VERSION 0
| #define HWDECODE_DEMOS_MINOR_VERSION 9
| #define HWDECODE_DEMOS_MICRO_VERSION 6
| #define HWDECODE_DEMOS_PRE_VERSION 1
| #define STDC_HEADERS 1
| #define HAVE_SYS_TYPES_H 1
| #define HAVE_SYS_STAT_H 1
| #define HAVE_STDLIB_H 1
| #define HAVE_STRING_H 1
| #define HAVE_MEMORY_H 1
| #define HAVE_STRINGS_H 1
| #define HAVE_INTTYPES_H 1
| #define HAVE_STDINT_H 1
| #define HAVE_UNISTD_H 1
| #define HAVE_DLFCN_H 1
| #define LT_OBJDIR ".libs/"
| #define STDC_HEADERS 1
| #define HAVE_LIBPTHREAD 1
| #define HAVE_PTHREADS 1
| #define HAVE_LIBRT 1
| #define HAVE_CLOCK_GETTIME 1
| #define HAVE_AVUTIL 1
| #define HAVE_LIBAVUTIL_PIXFMT_H 1
| /* end confdefs.h.  */
| #include <stdio.h>
| #ifdef HAVE_SYS_TYPES_H
| # include <sys/types.h>
| #endif
| #ifdef HAVE_SYS_STAT_H
| # include <sys/stat.h>
| #endif
| #ifdef STDC_HEADERS
| # include <stdlib.h>
| # include <stddef.h>
| #else
| # ifdef HAVE_STDLIB_H
| #  include <stdlib.h>
| # endif
| #endif
| #ifdef HAVE_STRING_H
| # if !defined STDC_HEADERS && defined HAVE_MEMORY_H
| #  include <memory.h>
| # endif
| # include <string.h>
| #endif
| #ifdef HAVE_STRINGS_H
| # include <strings.h>
| #endif
| #ifdef HAVE_INTTYPES_H
| # include <inttypes.h>
| #endif
| #ifdef HAVE_STDINT_H
| # include <stdint.h>
| #endif
| #ifdef HAVE_UNISTD_H
| # include <unistd.h>
| #endif
| #include <ffmpeg/avutil.h>
configure:13483: result: no
configure:13483: checking ffmpeg/avutil.h presence
configure:13483: gcc -E  conftest.c
conftest.c:34:27: fatal error: ffmpeg/avutil.h: No such file or directory
compilation terminated.
configure:13483: $? = 1
configure: failed program was:
| /* confdefs.h */
| #define PACKAGE_NAME "hwdecode_demos"
| #define PACKAGE_TARNAME "hwdecode-demos"
| #define PACKAGE_VERSION "0.9.6.pre1"
| #define PACKAGE_STRING "hwdecode_demos 0.9.6.pre1"
| #define PACKAGE_BUGREPORT "gbeauchesne@splitted-desktop.com"
| #define PACKAGE_URL ""
| #define PACKAGE "hwdecode-demos"
| #define VERSION "0.9.6.pre1"
| #define HWDECODE_DEMOS_MAJOR_VERSION 0
| #define HWDECODE_DEMOS_MINOR_VERSION 9
| #define HWDECODE_DEMOS_MICRO_VERSION 6
| #define HWDECODE_DEMOS_PRE_VERSION 1
| #define STDC_HEADERS 1
| #define HAVE_SYS_TYPES_H 1
| #define HAVE_SYS_STAT_H 1
| #define HAVE_STDLIB_H 1
| #define HAVE_STRING_H 1
| #define HAVE_MEMORY_H 1
| #define HAVE_STRINGS_H 1
| #define HAVE_INTTYPES_H 1
| #define HAVE_STDINT_H 1
| #define HAVE_UNISTD_H 1
| #define HAVE_DLFCN_H 1
| #define LT_OBJDIR ".libs/"
| #define STDC_HEADERS 1
| #define HAVE_LIBPTHREAD 1
| #define HAVE_PTHREADS 1
| #define HAVE_LIBRT 1
| #define HAVE_CLOCK_GETTIME 1
| #define HAVE_AVUTIL 1
| #define HAVE_LIBAVUTIL_PIXFMT_H 1
| /* end confdefs.h.  */
| #include <ffmpeg/avutil.h>
configure:13483: result: no
configure:13483: checking for ffmpeg/avutil.h
configure:13483: result: no
configure:13496: checking for LIBAVFORMAT
configure:13503: $PKG_CONFIG --exists --print-errors "libavformat"
configure:13506: $? = 0
configure:13520: $PKG_CONFIG --exists --print-errors "libavformat"
configure:13523: $? = 0
configure:13563: result: yes
configure:13575: checking libavformat/avformat.h usability
configure:13575: gcc -c -g -O2  conftest.c >&5
configure:13575: $? = 0
configure:13575: result: yes
configure:13575: checking libavformat/avformat.h presence
configure:13575: gcc -E  conftest.c
configure:13575: $? = 0
configure:13575: result: yes
configure:13575: checking for libavformat/avformat.h
configure:13575: result: yes
configure:13575: checking ffmpeg/avformat.h usability
configure:13575: gcc -c -g -O2  conftest.c >&5
conftest.c:69:29: fatal error: ffmpeg/avformat.h: No such file or directory
compilation terminated.
configure:13575: $? = 1
configure: failed program was:
| /* confdefs.h */
| #define PACKAGE_NAME "hwdecode_demos"
| #define PACKAGE_TARNAME "hwdecode-demos"
| #define PACKAGE_VERSION "0.9.6.pre1"
| #define PACKAGE_STRING "hwdecode_demos 0.9.6.pre1"
| #define PACKAGE_BUGREPORT "gbeauchesne@splitted-desktop.com"
| #define PACKAGE_URL ""
| #define PACKAGE "hwdecode-demos"
| #define VERSION "0.9.6.pre1"
| #define HWDECODE_DEMOS_MAJOR_VERSION 0
| #define HWDECODE_DEMOS_MINOR_VERSION 9
| #define HWDECODE_DEMOS_MICRO_VERSION 6
| #define HWDECODE_DEMOS_PRE_VERSION 1
| #define STDC_HEADERS 1
| #define HAVE_SYS_TYPES_H 1
| #define HAVE_SYS_STAT_H 1
| #define HAVE_STDLIB_H 1
| #define HAVE_STRING_H 1
| #define HAVE_MEMORY_H 1
| #define HAVE_STRINGS_H 1
| #define HAVE_INTTYPES_H 1
| #define HAVE_STDINT_H 1
| #define HAVE_UNISTD_H 1
| #define HAVE_DLFCN_H 1
| #define LT_OBJDIR ".libs/"
| #define STDC_HEADERS 1
| #define HAVE_LIBPTHREAD 1
| #define HAVE_PTHREADS 1
| #define HAVE_LIBRT 1
| #define HAVE_CLOCK_GETTIME 1
| #define HAVE_AVUTIL 1
| #define HAVE_LIBAVUTIL_PIXFMT_H 1
| #define HAVE_AVFORMAT 1
| #define HAVE_LIBAVFORMAT_AVFORMAT_H 1
| /* end confdefs.h.  */
| #include <stdio.h>
| #ifdef HAVE_SYS_TYPES_H
| # include <sys/types.h>
| #endif
| #ifdef HAVE_SYS_STAT_H
| # include <sys/stat.h>
| #endif
| #ifdef STDC_HEADERS
| # include <stdlib.h>
| # include <stddef.h>
| #else
| # ifdef HAVE_STDLIB_H
| #  include <stdlib.h>
| # endif
| #endif
| #ifdef HAVE_STRING_H
| # if !defined STDC_HEADERS && defined HAVE_MEMORY_H
| #  include <memory.h>
| # endif
| # include <string.h>
| #endif
| #ifdef HAVE_STRINGS_H
| # include <strings.h>
| #endif
| #ifdef HAVE_INTTYPES_H
| # include <inttypes.h>
| #endif
| #ifdef HAVE_STDINT_H
| # include <stdint.h>
| #endif
| #ifdef HAVE_UNISTD_H
| # include <unistd.h>
| #endif
| #include <ffmpeg/avformat.h>
configure:13575: result: no
configure:13575: checking ffmpeg/avformat.h presence
configure:13575: gcc -E  conftest.c
conftest.c:36:29: fatal error: ffmpeg/avformat.h: No such file or directory
compilation terminated.
configure:13575: $? = 1
configure: failed program was:
| /* confdefs.h */
| #define PACKAGE_NAME "hwdecode_demos"
| #define PACKAGE_TARNAME "hwdecode-demos"
| #define PACKAGE_VERSION "0.9.6.pre1"
| #define PACKAGE_STRING "hwdecode_demos 0.9.6.pre1"
| #define PACKAGE_BUGREPORT "gbeauchesne@splitted-desktop.com"
| #define PACKAGE_URL ""
| #define PACKAGE "hwdecode-demos"
| #define VERSION "0.9.6.pre1"
| #define HWDECODE_DEMOS_MAJOR_VERSION 0
| #define HWDECODE_DEMOS_MINOR_VERSION 9
| #define HWDECODE_DEMOS_MICRO_VERSION 6
| #define HWDECODE_DEMOS_PRE_VERSION 1
| #define STDC_HEADERS 1
| #define HAVE_SYS_TYPES_H 1
| #define HAVE_SYS_STAT_H 1
| #define HAVE_STDLIB_H 1
| #define HAVE_STRING_H 1
| #define HAVE_MEMORY_H 1
| #define HAVE_STRINGS_H 1
| #define HAVE_INTTYPES_H 1
| #define HAVE_STDINT_H 1
| #define HAVE_UNISTD_H 1
| #define HAVE_DLFCN_H 1
| #define LT_OBJDIR ".libs/"
| #define STDC_HEADERS 1
| #define HAVE_LIBPTHREAD 1
| #define HAVE_PTHREADS 1
| #define HAVE_LIBRT 1
| #define HAVE_CLOCK_GETTIME 1
| #define HAVE_AVUTIL 1
| #define HAVE_LIBAVUTIL_PIXFMT_H 1
| #define HAVE_AVFORMAT 1
| #define HAVE_LIBAVFORMAT_AVFORMAT_H 1
| /* end confdefs.h.  */
| #include <ffmpeg/avformat.h>
configure:13575: result: no
configure:13575: checking for ffmpeg/avformat.h
configure:13575: result: no
configure:13588: checking for LIBAVCODEC
configure:13595: $PKG_CONFIG --exists --print-errors "libavcodec"
configure:13598: $? = 0
configure:13612: $PKG_CONFIG --exists --print-errors "libavcodec"
configure:13615: $? = 0
configure:13655: result: yes
configure:13667: checking libavcodec/avcodec.h usability
configure:13667: gcc -c -g -O2  conftest.c >&5
configure:13667: $? = 0
configure:13667: result: yes
configure:13667: checking libavcodec/avcodec.h presence
configure:13667: gcc -E  conftest.c
configure:13667: $? = 0
configure:13667: result: yes
configure:13667: checking for libavcodec/avcodec.h
configure:13667: result: yes
configure:13667: checking ffmpeg/avcodec.h usability
configure:13667: gcc -c -g -O2  conftest.c >&5
conftest.c:71:28: fatal error: ffmpeg/avcodec.h: No such file or directory
compilation terminated.
configure:13667: $? = 1
configure: failed program was:
| /* confdefs.h */
| #define PACKAGE_NAME "hwdecode_demos"
| #define PACKAGE_TARNAME "hwdecode-demos"
| #define PACKAGE_VERSION "0.9.6.pre1"
| #define PACKAGE_STRING "hwdecode_demos 0.9.6.pre1"
| #define PACKAGE_BUGREPORT "gbeauchesne@splitted-desktop.com"
| #define PACKAGE_URL ""
| #define PACKAGE "hwdecode-demos"
| #define VERSION "0.9.6.pre1"
| #define HWDECODE_DEMOS_MAJOR_VERSION 0
| #define HWDECODE_DEMOS_MINOR_VERSION 9
| #define HWDECODE_DEMOS_MICRO_VERSION 6
| #define HWDECODE_DEMOS_PRE_VERSION 1
| #define STDC_HEADERS 1
| #define HAVE_SYS_TYPES_H 1
| #define HAVE_SYS_STAT_H 1
| #define HAVE_STDLIB_H 1
| #define HAVE_STRING_H 1
| #define HAVE_MEMORY_H 1
| #define HAVE_STRINGS_H 1
| #define HAVE_INTTYPES_H 1
| #define HAVE_STDINT_H 1
| #define HAVE_UNISTD_H 1
| #define HAVE_DLFCN_H 1
| #define LT_OBJDIR ".libs/"
| #define STDC_HEADERS 1
| #define HAVE_LIBPTHREAD 1
| #define HAVE_PTHREADS 1
| #define HAVE_LIBRT 1
| #define HAVE_CLOCK_GETTIME 1
| #define HAVE_AVUTIL 1
| #define HAVE_LIBAVUTIL_PIXFMT_H 1
| #define HAVE_AVFORMAT 1
| #define HAVE_LIBAVFORMAT_AVFORMAT_H 1
| #define HAVE_AVCODEC 1
| #define HAVE_LIBAVCODEC_AVCODEC_H 1
| /* end confdefs.h.  */
| #include <stdio.h>
| #ifdef HAVE_SYS_TYPES_H
| # include <sys/types.h>
| #endif
| #ifdef HAVE_SYS_STAT_H
| # include <sys/stat.h>
| #endif
| #ifdef STDC_HEADERS
| # include <stdlib.h>
| # include <stddef.h>
| #else
| # ifdef HAVE_STDLIB_H
| #  include <stdlib.h>
| # endif
| #endif
| #ifdef HAVE_STRING_H
| # if !defined STDC_HEADERS && defined HAVE_MEMORY_H
| #  include <memory.h>
| # endif
| # include <string.h>
| #endif
| #ifdef HAVE_STRINGS_H
| # include <strings.h>
| #endif
| #ifdef HAVE_INTTYPES_H
| # include <inttypes.h>
| #endif
| #ifdef HAVE_STDINT_H
| # include <stdint.h>
| #endif
| #ifdef HAVE_UNISTD_H
| # include <unistd.h>
| #endif
| #include <ffmpeg/avcodec.h>
configure:13667: result: no
configure:13667: checking ffmpeg/avcodec.h presence
configure:13667: gcc -E  conftest.c
conftest.c:38:28: fatal error: ffmpeg/avcodec.h: No such file or directory
compilation terminated.
configure:13667: $? = 1
configure: failed program was:
| /* confdefs.h */
| #define PACKAGE_NAME "hwdecode_demos"
| #define PACKAGE_TARNAME "hwdecode-demos"
| #define PACKAGE_VERSION "0.9.6.pre1"
| #define PACKAGE_STRING "hwdecode_demos 0.9.6.pre1"
| #define PACKAGE_BUGREPORT "gbeauchesne@splitted-desktop.com"
| #define PACKAGE_URL ""
| #define PACKAGE "hwdecode-demos"
| #define VERSION "0.9.6.pre1"
| #define HWDECODE_DEMOS_MAJOR_VERSION 0
| #define HWDECODE_DEMOS_MINOR_VERSION 9
| #define HWDECODE_DEMOS_MICRO_VERSION 6
| #define HWDECODE_DEMOS_PRE_VERSION 1
| #define STDC_HEADERS 1
| #define HAVE_SYS_TYPES_H 1
| #define HAVE_SYS_STAT_H 1
| #define HAVE_STDLIB_H 1
| #define HAVE_STRING_H 1
| #define HAVE_MEMORY_H 1
| #define HAVE_STRINGS_H 1
| #define HAVE_INTTYPES_H 1
| #define HAVE_STDINT_H 1
| #define HAVE_UNISTD_H 1
| #define HAVE_DLFCN_H 1
| #define LT_OBJDIR ".libs/"
| #define STDC_HEADERS 1
| #define HAVE_LIBPTHREAD 1
| #define HAVE_PTHREADS 1
| #define HAVE_LIBRT 1
| #define HAVE_CLOCK_GETTIME 1
| #define HAVE_AVUTIL 1
| #define HAVE_LIBAVUTIL_PIXFMT_H 1
| #define HAVE_AVFORMAT 1
| #define HAVE_LIBAVFORMAT_AVFORMAT_H 1
| #define HAVE_AVCODEC 1
| #define HAVE_LIBAVCODEC_AVCODEC_H 1
| /* end confdefs.h.  */
| #include <ffmpeg/avcodec.h>
configure:13667: result: no
configure:13667: checking for ffmpeg/avcodec.h
configure:13667: result: no
configure:13679: checking libavcodec/vaapi.h usability
configure:13679: gcc -c -g -O2  conftest.c >&5
configure:13679: $? = 0
configure:13679: result: yes
configure:13679: checking libavcodec/vaapi.h presence
configure:13679: gcc -E  conftest.c
configure:13679: $? = 0
configure:13679: result: yes
configure:13679: checking for libavcodec/vaapi.h
configure:13679: result: yes
configure:13692: checking for LIBSWSCALE
configure:13699: $PKG_CONFIG --exists --print-errors "libswscale"
configure:13702: $? = 0
configure:13716: $PKG_CONFIG --exists --print-errors "libswscale"
configure:13719: $? = 0
configure:13759: result: yes
configure:13771: checking libswscale/swscale.h usability
configure:13771: gcc -c -g -O2  conftest.c >&5
configure:13771: $? = 0
configure:13771: result: yes
configure:13771: checking libswscale/swscale.h presence
configure:13771: gcc -E  conftest.c
configure:13771: $? = 0
configure:13771: result: yes
configure:13771: checking for libswscale/swscale.h
configure:13771: result: yes
configure:13771: checking ffmpeg/swscale.h usability
configure:13771: gcc -c -g -O2  conftest.c >&5
conftest.c:74:28: fatal error: ffmpeg/swscale.h: No such file or directory
compilation terminated.
configure:13771: $? = 1
configure: failed program was:
| /* confdefs.h */
| #define PACKAGE_NAME "hwdecode_demos"
| #define PACKAGE_TARNAME "hwdecode-demos"
| #define PACKAGE_VERSION "0.9.6.pre1"
| #define PACKAGE_STRING "hwdecode_demos 0.9.6.pre1"
| #define PACKAGE_BUGREPORT "gbeauchesne@splitted-desktop.com"
| #define PACKAGE_URL ""
| #define PACKAGE "hwdecode-demos"
| #define VERSION "0.9.6.pre1"
| #define HWDECODE_DEMOS_MAJOR_VERSION 0
| #define HWDECODE_DEMOS_MINOR_VERSION 9
| #define HWDECODE_DEMOS_MICRO_VERSION 6
| #define HWDECODE_DEMOS_PRE_VERSION 1
| #define STDC_HEADERS 1
| #define HAVE_SYS_TYPES_H 1
| #define HAVE_SYS_STAT_H 1
| #define HAVE_STDLIB_H 1
| #define HAVE_STRING_H 1
| #define HAVE_MEMORY_H 1
| #define HAVE_STRINGS_H 1
| #define HAVE_INTTYPES_H 1
| #define HAVE_STDINT_H 1
| #define HAVE_UNISTD_H 1
| #define HAVE_DLFCN_H 1
| #define LT_OBJDIR ".libs/"
| #define STDC_HEADERS 1
| #define HAVE_LIBPTHREAD 1
| #define HAVE_PTHREADS 1
| #define HAVE_LIBRT 1
| #define HAVE_CLOCK_GETTIME 1
| #define HAVE_AVUTIL 1
| #define HAVE_LIBAVUTIL_PIXFMT_H 1
| #define HAVE_AVFORMAT 1
| #define HAVE_LIBAVFORMAT_AVFORMAT_H 1
| #define HAVE_AVCODEC 1
| #define HAVE_LIBAVCODEC_AVCODEC_H 1
| #define HAVE_LIBAVCODEC_VAAPI_H 1
| #define HAVE_SWSCALE 1
| #define HAVE_LIBSWSCALE_SWSCALE_H 1
| /* end confdefs.h.  */
| #include <stdio.h>
| #ifdef HAVE_SYS_TYPES_H
| # include <sys/types.h>
| #endif
| #ifdef HAVE_SYS_STAT_H
| # include <sys/stat.h>
| #endif
| #ifdef STDC_HEADERS
| # include <stdlib.h>
| # include <stddef.h>
| #else
| # ifdef HAVE_STDLIB_H
| #  include <stdlib.h>
| # endif
| #endif
| #ifdef HAVE_STRING_H
| # if !defined STDC_HEADERS && defined HAVE_MEMORY_H
| #  include <memory.h>
| # endif
| # include <string.h>
| #endif
| #ifdef HAVE_STRINGS_H
| # include <strings.h>
| #endif
| #ifdef HAVE_INTTYPES_H
| # include <inttypes.h>
| #endif
| #ifdef HAVE_STDINT_H
| # include <stdint.h>
| #endif
| #ifdef HAVE_UNISTD_H
| # include <unistd.h>
| #endif
| #include <ffmpeg/swscale.h>
configure:13771: result: no
configure:13771: checking ffmpeg/swscale.h presence
configure:13771: gcc -E  conftest.c
conftest.c:41:28: fatal error: ffmpeg/swscale.h: No such file or directory
compilation terminated.
configure:13771: $? = 1
configure: failed program was:
| /* confdefs.h */
| #define PACKAGE_NAME "hwdecode_demos"
| #define PACKAGE_TARNAME "hwdecode-demos"
| #define PACKAGE_VERSION "0.9.6.pre1"
| #define PACKAGE_STRING "hwdecode_demos 0.9.6.pre1"
| #define PACKAGE_BUGREPORT "gbeauchesne@splitted-desktop.com"
| #define PACKAGE_URL ""
| #define PACKAGE "hwdecode-demos"
| #define VERSION "0.9.6.pre1"
| #define HWDECODE_DEMOS_MAJOR_VERSION 0
| #define HWDECODE_DEMOS_MINOR_VERSION 9
| #define HWDECODE_DEMOS_MICRO_VERSION 6
| #define HWDECODE_DEMOS_PRE_VERSION 1
| #define STDC_HEADERS 1
| #define HAVE_SYS_TYPES_H 1
| #define HAVE_SYS_STAT_H 1
| #define HAVE_STDLIB_H 1
| #define HAVE_STRING_H 1
| #define HAVE_MEMORY_H 1
| #define HAVE_STRINGS_H 1
| #define HAVE_INTTYPES_H 1
| #define HAVE_STDINT_H 1
| #define HAVE_UNISTD_H 1
| #define HAVE_DLFCN_H 1
| #define LT_OBJDIR ".libs/"
| #define STDC_HEADERS 1
| #define HAVE_LIBPTHREAD 1
| #define HAVE_PTHREADS 1
| #define HAVE_LIBRT 1
| #define HAVE_CLOCK_GETTIME 1
| #define HAVE_AVUTIL 1
| #define HAVE_LIBAVUTIL_PIXFMT_H 1
| #define HAVE_AVFORMAT 1
| #define HAVE_LIBAVFORMAT_AVFORMAT_H 1
| #define HAVE_AVCODEC 1
| #define HAVE_LIBAVCODEC_AVCODEC_H 1
| #define HAVE_LIBAVCODEC_VAAPI_H 1
| #define HAVE_SWSCALE 1
| #define HAVE_LIBSWSCALE_SWSCALE_H 1
| /* end confdefs.h.  */
| #include <ffmpeg/swscale.h>
configure:13771: result: no
configure:13771: checking for ffmpeg/swscale.h
configure:13771: result: no
configure:13793: checking for CAIRO
configure:13800: $PKG_CONFIG --exists --print-errors "cairo"
Package cairo was not found in the pkg-config search path.
Perhaps you should add the directory containing `cairo.pc'
to the PKG_CONFIG_PATH environment variable
No package 'cairo' found
configure:13803: $? = 1
configure:13817: $PKG_CONFIG --exists --print-errors "cairo"
Package cairo was not found in the pkg-config search path.
Perhaps you should add the directory containing `cairo.pc'
to the PKG_CONFIG_PATH environment variable
No package 'cairo' found
configure:13820: $? = 1
configure:13834: result: no
No package 'cairo' found
configure:13882: checking for DRM
configure:13889: $PKG_CONFIG --exists --print-errors "libdrm"
configure:13892: $? = 0
configure:13906: $PKG_CONFIG --exists --print-errors "libdrm"
configure:13909: $? = 0
configure:13947: result: yes
configure:13953: checking for UDEV
configure:13960: $PKG_CONFIG --exists --print-errors "libudev"
configure:13963: $? = 0
configure:13977: $PKG_CONFIG --exists --print-errors "libudev"
configure:13980: $? = 0
configure:14018: result: yes
configure:14028: checking drm_fourcc.h usability
configure:14028: gcc -c -g -O2  -I/usr/include/libdrm  conftest.c >&5
configure:14028: $? = 0
configure:14028: result: yes
configure:14028: checking drm_fourcc.h presence
configure:14028: gcc -E  -I/usr/include/libdrm  conftest.c
configure:14028: $? = 0
configure:14028: result: yes
configure:14028: checking for drm_fourcc.h
configure:14028: result: yes
configure:14060: checking for X11_DEPS
configure:14067: $PKG_CONFIG --exists --print-errors "x11"
configure:14070: $? = 0
configure:14084: $PKG_CONFIG --exists --print-errors "x11"
configure:14087: $? = 0
configure:14125: result: yes
configure:14156: checking for GL_DEPS
configure:14163: $PKG_CONFIG --exists --print-errors "gl"
configure:14166: $? = 0
configure:14180: $PKG_CONFIG --exists --print-errors "gl"
configure:14183: $? = 0
configure:14221: result: yes
configure:14230: checking GL/gl.h usability
configure:14230: gcc -c -g -O2  -I/usr/include/libdrm  conftest.c >&5
configure:14230: $? = 0
configure:14230: result: yes
configure:14230: checking GL/gl.h presence
configure:14230: gcc -E  -I/usr/include/libdrm  conftest.c
configure:14230: $? = 0
configure:14230: result: yes
configure:14230: checking for GL/gl.h
configure:14230: result: yes
configure:14248: checking for GLU_DEPS
configure:14255: $PKG_CONFIG --exists --print-errors "glu"
Package glu was not found in the pkg-config search path.
Perhaps you should add the directory containing `glu.pc'
to the PKG_CONFIG_PATH environment variable
No package 'glu' found
configure:14258: $? = 1
configure:14272: $PKG_CONFIG --exists --print-errors "glu"
Package glu was not found in the pkg-config search path.
Perhaps you should add the directory containing `glu.pc'
to the PKG_CONFIG_PATH environment variable
No package 'glu' found
configure:14275: $? = 1
configure:14289: result: no
No package 'glu' found
configure:14459: checking for Crystal HD
configure:14483: gcc -o conftest -g -O2 -I/usr/include/libcrystalhd -D__LINUX_USER__   conftest.c -ldl -lrt -lpthread  -lcrystalhd >&5
conftest.c:45:29: fatal error: libcrystalhd_if.h: No such file or directory
compilation terminated.
configure:14483: $? = 1
configure: failed program was:
| /* confdefs.h */
| #define PACKAGE_NAME "hwdecode_demos"
| #define PACKAGE_TARNAME "hwdecode-demos"
| #define PACKAGE_VERSION "0.9.6.pre1"
| #define PACKAGE_STRING "hwdecode_demos 0.9.6.pre1"
| #define PACKAGE_BUGREPORT "gbeauchesne@splitted-desktop.com"
| #define PACKAGE_URL ""
| #define PACKAGE "hwdecode-demos"
| #define VERSION "0.9.6.pre1"
| #define HWDECODE_DEMOS_MAJOR_VERSION 0
| #define HWDECODE_DEMOS_MINOR_VERSION 9
| #define HWDECODE_DEMOS_MICRO_VERSION 6
| #define HWDECODE_DEMOS_PRE_VERSION 1
| #define STDC_HEADERS 1
| #define HAVE_SYS_TYPES_H 1
| #define HAVE_SYS_STAT_H 1
| #define HAVE_STDLIB_H 1
| #define HAVE_STRING_H 1
| #define HAVE_MEMORY_H 1
| #define HAVE_STRINGS_H 1
| #define HAVE_INTTYPES_H 1
| #define HAVE_STDINT_H 1
| #define HAVE_UNISTD_H 1
| #define HAVE_DLFCN_H 1
| #define LT_OBJDIR ".libs/"
| #define STDC_HEADERS 1
| #define HAVE_LIBPTHREAD 1
| #define HAVE_PTHREADS 1
| #define HAVE_LIBRT 1
| #define HAVE_CLOCK_GETTIME 1
| #define HAVE_AVUTIL 1
| #define HAVE_LIBAVUTIL_PIXFMT_H 1
| #define HAVE_AVFORMAT 1
| #define HAVE_LIBAVFORMAT_AVFORMAT_H 1
| #define HAVE_AVCODEC 1
| #define HAVE_LIBAVCODEC_AVCODEC_H 1
| #define HAVE_LIBAVCODEC_VAAPI_H 1
| #define HAVE_SWSCALE 1
| #define HAVE_LIBSWSCALE_SWSCALE_H 1
| #define HAVE_DRM_FOURCC_H 1
| #define USE_DRM 1
| #define USE_X11 1
| #define HAVE_GL_GL_H 1
| /* end confdefs.h.  */
| #include <libcrystalhd_if.h>
| int
| main ()
| {
| DtsDeviceOpen(0, 0)
|   ;
|   return 0;
| }
configure:14483: gcc -o conftest -g -O2 -I/usr/local/include/libcrystalhd -D__LINUX_USER__   conftest.c -ldl -lrt -lpthread  -lcrystalhd >&5
conftest.c:45:29: fatal error: libcrystalhd_if.h: No such file or directory
compilation terminated.
configure:14483: $? = 1
configure: failed program was:
| /* confdefs.h */
| #define PACKAGE_NAME "hwdecode_demos"
| #define PACKAGE_TARNAME "hwdecode-demos"
| #define PACKAGE_VERSION "0.9.6.pre1"
| #define PACKAGE_STRING "hwdecode_demos 0.9.6.pre1"
| #define PACKAGE_BUGREPORT "gbeauchesne@splitted-desktop.com"
| #define PACKAGE_URL ""
| #define PACKAGE "hwdecode-demos"
| #define VERSION "0.9.6.pre1"
| #define HWDECODE_DEMOS_MAJOR_VERSION 0
| #define HWDECODE_DEMOS_MINOR_VERSION 9
| #define HWDECODE_DEMOS_MICRO_VERSION 6
| #define HWDECODE_DEMOS_PRE_VERSION 1
| #define STDC_HEADERS 1
| #define HAVE_SYS_TYPES_H 1
| #define HAVE_SYS_STAT_H 1
| #define HAVE_STDLIB_H 1
| #define HAVE_STRING_H 1
| #define HAVE_MEMORY_H 1
| #define HAVE_STRINGS_H 1
| #define HAVE_INTTYPES_H 1
| #define HAVE_STDINT_H 1
| #define HAVE_UNISTD_H 1
| #define HAVE_DLFCN_H 1
| #define LT_OBJDIR ".libs/"
| #define STDC_HEADERS 1
| #define HAVE_LIBPTHREAD 1
| #define HAVE_PTHREADS 1
| #define HAVE_LIBRT 1
| #define HAVE_CLOCK_GETTIME 1
| #define HAVE_AVUTIL 1
| #define HAVE_LIBAVUTIL_PIXFMT_H 1
| #define HAVE_AVFORMAT 1
| #define HAVE_LIBAVFORMAT_AVFORMAT_H 1
| #define HAVE_AVCODEC 1
| #define HAVE_LIBAVCODEC_AVCODEC_H 1
| #define HAVE_LIBAVCODEC_VAAPI_H 1
| #define HAVE_SWSCALE 1
| #define HAVE_LIBSWSCALE_SWSCALE_H 1
| #define HAVE_DRM_FOURCC_H 1
| #define USE_DRM 1
| #define USE_X11 1
| #define HAVE_GL_GL_H 1
| /* end confdefs.h.  */
| #include <libcrystalhd_if.h>
| int
| main ()
| {
| DtsDeviceOpen(0, 0)
|   ;
|   return 0;
| }
configure:14498: result: no
configure:14515: checking for old libVA API 0.29
configure:14534: gcc -o conftest -g -O2   conftest.c -ldl -lrt -lpthread  -lva >&5
conftest.c:45:20: fatal error: va_x11.h: No such file or directory
compilation terminated.
configure:14534: $? = 1
configure: failed program was:
| /* confdefs.h */
| #define PACKAGE_NAME "hwdecode_demos"
| #define PACKAGE_TARNAME "hwdecode-demos"
| #define PACKAGE_VERSION "0.9.6.pre1"
| #define PACKAGE_STRING "hwdecode_demos 0.9.6.pre1"
| #define PACKAGE_BUGREPORT "gbeauchesne@splitted-desktop.com"
| #define PACKAGE_URL ""
| #define PACKAGE "hwdecode-demos"
| #define VERSION "0.9.6.pre1"
| #define HWDECODE_DEMOS_MAJOR_VERSION 0
| #define HWDECODE_DEMOS_MINOR_VERSION 9
| #define HWDECODE_DEMOS_MICRO_VERSION 6
| #define HWDECODE_DEMOS_PRE_VERSION 1
| #define STDC_HEADERS 1
| #define HAVE_SYS_TYPES_H 1
| #define HAVE_SYS_STAT_H 1
| #define HAVE_STDLIB_H 1
| #define HAVE_STRING_H 1
| #define HAVE_MEMORY_H 1
| #define HAVE_STRINGS_H 1
| #define HAVE_INTTYPES_H 1
| #define HAVE_STDINT_H 1
| #define HAVE_UNISTD_H 1
| #define HAVE_DLFCN_H 1
| #define LT_OBJDIR ".libs/"
| #define STDC_HEADERS 1
| #define HAVE_LIBPTHREAD 1
| #define HAVE_PTHREADS 1
| #define HAVE_LIBRT 1
| #define HAVE_CLOCK_GETTIME 1
| #define HAVE_AVUTIL 1
| #define HAVE_LIBAVUTIL_PIXFMT_H 1
| #define HAVE_AVFORMAT 1
| #define HAVE_LIBAVFORMAT_AVFORMAT_H 1
| #define HAVE_AVCODEC 1
| #define HAVE_LIBAVCODEC_AVCODEC_H 1
| #define HAVE_LIBAVCODEC_VAAPI_H 1
| #define HAVE_SWSCALE 1
| #define HAVE_LIBSWSCALE_SWSCALE_H 1
| #define HAVE_DRM_FOURCC_H 1
| #define USE_DRM 1
| #define USE_X11 1
| #define HAVE_GL_GL_H 1
| /* end confdefs.h.  */
| #include <va_x11.h>
| int
| main ()
| {
| vaGetDisplay(NULL)
|   ;
|   return 0;
| }
configure:14544: result: no
configure:14567: checking for VAAPI_DEPS
configure:14574: $PKG_CONFIG --exists --print-errors "libva"
configure:14577: $? = 0
configure:14591: $PKG_CONFIG --exists --print-errors "libva"
configure:14594: $? = 0
configure:14634: result: yes
configure:14685: checking for VAAPI_DRM_DEPS
configure:14692: $PKG_CONFIG --exists --print-errors "libva-drm"
configure:14695: $? = 0
configure:14709: $PKG_CONFIG --exists --print-errors "libva-drm"
configure:14712: $? = 0
configure:14752: result: yes
configure:14816: checking for VAAPI_X11_DEPS
configure:14823: $PKG_CONFIG --exists --print-errors "libva-x11"
configure:14826: $? = 0
configure:14840: $PKG_CONFIG --exists --print-errors "libva-x11"
configure:14843: $? = 0
configure:14883: result: yes
configure:15084: checking for VA/JPEG decoding API
configure:15108: gcc -c -g -O2   conftest.c >&5
configure:15108: $? = 0
configure:15119: result: yes
configure:15130: checking for VDPAU
configure:15149: gcc -o conftest -g -O2   conftest.c -ldl -lrt -lpthread  -lvdpau >&5
conftest.c:45:29: fatal error: vdpau/vdpau_x11.h: No such file or directory
compilation terminated.
configure:15149: $? = 1
configure: failed program was:
| /* confdefs.h */
| #define PACKAGE_NAME "hwdecode_demos"
| #define PACKAGE_TARNAME "hwdecode-demos"
| #define PACKAGE_VERSION "0.9.6.pre1"
| #define PACKAGE_STRING "hwdecode_demos 0.9.6.pre1"
| #define PACKAGE_BUGREPORT "gbeauchesne@splitted-desktop.com"
| #define PACKAGE_URL ""
| #define PACKAGE "hwdecode-demos"
| #define VERSION "0.9.6.pre1"
| #define HWDECODE_DEMOS_MAJOR_VERSION 0
| #define HWDECODE_DEMOS_MINOR_VERSION 9
| #define HWDECODE_DEMOS_MICRO_VERSION 6
| #define HWDECODE_DEMOS_PRE_VERSION 1
| #define STDC_HEADERS 1
| #define HAVE_SYS_TYPES_H 1
| #define HAVE_SYS_STAT_H 1
| #define HAVE_STDLIB_H 1
| #define HAVE_STRING_H 1
| #define HAVE_MEMORY_H 1
| #define HAVE_STRINGS_H 1
| #define HAVE_INTTYPES_H 1
| #define HAVE_STDINT_H 1
| #define HAVE_UNISTD_H 1
| #define HAVE_DLFCN_H 1
| #define LT_OBJDIR ".libs/"
| #define STDC_HEADERS 1
| #define HAVE_LIBPTHREAD 1
| #define HAVE_PTHREADS 1
| #define HAVE_LIBRT 1
| #define HAVE_CLOCK_GETTIME 1
| #define HAVE_AVUTIL 1
| #define HAVE_LIBAVUTIL_PIXFMT_H 1
| #define HAVE_AVFORMAT 1
| #define HAVE_LIBAVFORMAT_AVFORMAT_H 1
| #define HAVE_AVCODEC 1
| #define HAVE_LIBAVCODEC_AVCODEC_H 1
| #define HAVE_LIBAVCODEC_VAAPI_H 1
| #define HAVE_SWSCALE 1
| #define HAVE_LIBSWSCALE_SWSCALE_H 1
| #define HAVE_DRM_FOURCC_H 1
| #define USE_DRM 1
| #define USE_X11 1
| #define HAVE_GL_GL_H 1
| /* end confdefs.h.  */
| #include <vdpau/vdpau_x11.h>
| int
| main ()
| {
| vdp_device_create_x11(0,0,0,0)
|   ;
|   return 0;
| }
configure:15159: result: no
configure:15172: checking for VDPAU/MPEG-4 support
configure:15191: gcc -o conftest -g -O2   conftest.c -ldl -lrt -lpthread  -lvdpau >&5
conftest.c:45:25: fatal error: vdpau/vdpau.h: No such file or directory
compilation terminated.
configure:15191: $? = 1
configure: failed program was:
| /* confdefs.h */
| #define PACKAGE_NAME "hwdecode_demos"
| #define PACKAGE_TARNAME "hwdecode-demos"
| #define PACKAGE_VERSION "0.9.6.pre1"
| #define PACKAGE_STRING "hwdecode_demos 0.9.6.pre1"
| #define PACKAGE_BUGREPORT "gbeauchesne@splitted-desktop.com"
| #define PACKAGE_URL ""
| #define PACKAGE "hwdecode-demos"
| #define VERSION "0.9.6.pre1"
| #define HWDECODE_DEMOS_MAJOR_VERSION 0
| #define HWDECODE_DEMOS_MINOR_VERSION 9
| #define HWDECODE_DEMOS_MICRO_VERSION 6
| #define HWDECODE_DEMOS_PRE_VERSION 1
| #define STDC_HEADERS 1
| #define HAVE_SYS_TYPES_H 1
| #define HAVE_SYS_STAT_H 1
| #define HAVE_STDLIB_H 1
| #define HAVE_STRING_H 1
| #define HAVE_MEMORY_H 1
| #define HAVE_STRINGS_H 1
| #define HAVE_INTTYPES_H 1
| #define HAVE_STDINT_H 1
| #define HAVE_UNISTD_H 1
| #define HAVE_DLFCN_H 1
| #define LT_OBJDIR ".libs/"
| #define STDC_HEADERS 1
| #define HAVE_LIBPTHREAD 1
| #define HAVE_PTHREADS 1
| #define HAVE_LIBRT 1
| #define HAVE_CLOCK_GETTIME 1
| #define HAVE_AVUTIL 1
| #define HAVE_LIBAVUTIL_PIXFMT_H 1
| #define HAVE_AVFORMAT 1
| #define HAVE_LIBAVFORMAT_AVFORMAT_H 1
| #define HAVE_AVCODEC 1
| #define HAVE_LIBAVCODEC_AVCODEC_H 1
| #define HAVE_LIBAVCODEC_VAAPI_H 1
| #define HAVE_SWSCALE 1
| #define HAVE_LIBSWSCALE_SWSCALE_H 1
| #define HAVE_DRM_FOURCC_H 1
| #define USE_DRM 1
| #define USE_X11 1
| #define HAVE_GL_GL_H 1
| /* end confdefs.h.  */
| #include <vdpau/vdpau.h>
| int
| main ()
| {
| VdpPictureInfoMPEG4Part2 pic_info
|   ;
|   return 0;
| }
configure:15201: result: no
configure:15217: checking for XvBA
configure:15241: gcc -o conftest -g -O2   conftest.c -ldl -lrt -lpthread  -lXvBAW -lGL -ldl >&5
conftest.c:48:21: fatal error: amdpcom.h: No such file or directory
compilation terminated.
configure:15241: $? = 1
configure: failed program was:
| /* confdefs.h */
| #define PACKAGE_NAME "hwdecode_demos"
| #define PACKAGE_TARNAME "hwdecode-demos"
| #define PACKAGE_VERSION "0.9.6.pre1"
| #define PACKAGE_STRING "hwdecode_demos 0.9.6.pre1"
| #define PACKAGE_BUGREPORT "gbeauchesne@splitted-desktop.com"
| #define PACKAGE_URL ""
| #define PACKAGE "hwdecode-demos"
| #define VERSION "0.9.6.pre1"
| #define HWDECODE_DEMOS_MAJOR_VERSION 0
| #define HWDECODE_DEMOS_MINOR_VERSION 9
| #define HWDECODE_DEMOS_MICRO_VERSION 6
| #define HWDECODE_DEMOS_PRE_VERSION 1
| #define STDC_HEADERS 1
| #define HAVE_SYS_TYPES_H 1
| #define HAVE_SYS_STAT_H 1
| #define HAVE_STDLIB_H 1
| #define HAVE_STRING_H 1
| #define HAVE_MEMORY_H 1
| #define HAVE_STRINGS_H 1
| #define HAVE_INTTYPES_H 1
| #define HAVE_STDINT_H 1
| #define HAVE_UNISTD_H 1
| #define HAVE_DLFCN_H 1
| #define LT_OBJDIR ".libs/"
| #define STDC_HEADERS 1
| #define HAVE_LIBPTHREAD 1
| #define HAVE_PTHREADS 1
| #define HAVE_LIBRT 1
| #define HAVE_CLOCK_GETTIME 1
| #define HAVE_AVUTIL 1
| #define HAVE_LIBAVUTIL_PIXFMT_H 1
| #define HAVE_AVFORMAT 1
| #define HAVE_LIBAVFORMAT_AVFORMAT_H 1
| #define HAVE_AVCODEC 1
| #define HAVE_LIBAVCODEC_AVCODEC_H 1
| #define HAVE_LIBAVCODEC_VAAPI_H 1
| #define HAVE_SWSCALE 1
| #define HAVE_LIBSWSCALE_SWSCALE_H 1
| #define HAVE_DRM_FOURCC_H 1
| #define USE_DRM 1
| #define USE_X11 1
| #define HAVE_GL_GL_H 1
| #define HAVE_VDPAU_MPEG4 0
| /* end confdefs.h.  */
| 
| #include <X11/Xlib.h>
| #include <amdpcom.h>
| #include <amdxvba.h>
| 
| int
| main ()
| {
| XVBAQueryExtension(0,0)
|   ;
|   return 0;
| }
configure:15251: result: no
configure:15374: checking that generated files are newer than configure
configure:15380: result: done
configure:15468: creating ./config.status

## ---------------------- ##
## Running config.status. ##
## ---------------------- ##

This file was extended by hwdecode_demos config.status 0.9.6.pre1, which was
generated by GNU Autoconf 2.69.  Invocation command line was

  CONFIG_FILES    = 
  CONFIG_HEADERS  = 
  CONFIG_LINKS    = 
  CONFIG_COMMANDS = 
  $ ./config.status 

on toughbook31

config.status:1176: creating Makefile
config.status:1176: creating src/Makefile
config.status:1176: creating src/config.h
config.status:1357: src/config.h is unchanged
config.status:1405: executing depfiles commands
config.status:1405: executing libtool commands

## ---------------- ##
## Cache variables. ##
## ---------------- ##

ac_cv_build=x86_64-unknown-linux-gnu
ac_cv_c_bigendian=no
ac_cv_c_compiler_gnu=yes
ac_cv_env_CAIRO_CFLAGS_set=
ac_cv_env_CAIRO_CFLAGS_value=
ac_cv_env_CAIRO_LIBS_set=
ac_cv_env_CAIRO_LIBS_value=
ac_cv_env_CC_set=
ac_cv_env_CC_value=
ac_cv_env_CFLAGS_set=
ac_cv_env_CFLAGS_value=
ac_cv_env_CPPFLAGS_set=
ac_cv_env_CPPFLAGS_value=
ac_cv_env_CPP_set=
ac_cv_env_CPP_value=
ac_cv_env_DRM_CFLAGS_set=
ac_cv_env_DRM_CFLAGS_value=
ac_cv_env_DRM_LIBS_set=
ac_cv_env_DRM_LIBS_value=
ac_cv_env_GLU_DEPS_CFLAGS_set=
ac_cv_env_GLU_DEPS_CFLAGS_value=
ac_cv_env_GLU_DEPS_LIBS_set=
ac_cv_env_GLU_DEPS_LIBS_value=
ac_cv_env_GL_DEPS_CFLAGS_set=
ac_cv_env_GL_DEPS_CFLAGS_value=
ac_cv_env_GL_DEPS_LIBS_set=
ac_cv_env_GL_DEPS_LIBS_value=
ac_cv_env_LDFLAGS_set=
ac_cv_env_LDFLAGS_value=
ac_cv_env_LIBAVCODEC_CFLAGS_set=
ac_cv_env_LIBAVCODEC_CFLAGS_value=
ac_cv_env_LIBAVCODEC_LIBS_set=
ac_cv_env_LIBAVCODEC_LIBS_value=
ac_cv_env_LIBAVFORMAT_CFLAGS_set=
ac_cv_env_LIBAVFORMAT_CFLAGS_value=
ac_cv_env_LIBAVFORMAT_LIBS_set=
ac_cv_env_LIBAVFORMAT_LIBS_value=
ac_cv_env_LIBAVUTIL_CFLAGS_set=
ac_cv_env_LIBAVUTIL_CFLAGS_value=
ac_cv_env_LIBAVUTIL_LIBS_set=
ac_cv_env_LIBAVUTIL_LIBS_value=
ac_cv_env_LIBSWSCALE_CFLAGS_set=
ac_cv_env_LIBSWSCALE_CFLAGS_value=
ac_cv_env_LIBSWSCALE_LIBS_set=
ac_cv_env_LIBSWSCALE_LIBS_value=
ac_cv_env_LIBS_set=
ac_cv_env_LIBS_value=
ac_cv_env_PKG_CONFIG_LIBDIR_set=
ac_cv_env_PKG_CONFIG_LIBDIR_value=
ac_cv_env_PKG_CONFIG_PATH_set=
ac_cv_env_PKG_CONFIG_PATH_value=
ac_cv_env_PKG_CONFIG_set=
ac_cv_env_PKG_CONFIG_value=
ac_cv_env_UDEV_CFLAGS_set=
ac_cv_env_UDEV_CFLAGS_value=
ac_cv_env_UDEV_LIBS_set=
ac_cv_env_UDEV_LIBS_value=
ac_cv_env_VAAPI_DEPS_CFLAGS_set=
ac_cv_env_VAAPI_DEPS_CFLAGS_value=
ac_cv_env_VAAPI_DEPS_LIBS_set=
ac_cv_env_VAAPI_DEPS_LIBS_value=
ac_cv_env_VAAPI_DRM_DEPS_CFLAGS_set=
ac_cv_env_VAAPI_DRM_DEPS_CFLAGS_value=
ac_cv_env_VAAPI_DRM_DEPS_LIBS_set=
ac_cv_env_VAAPI_DRM_DEPS_LIBS_value=
ac_cv_env_VAAPI_GLX_DEPS_CFLAGS_set=
ac_cv_env_VAAPI_GLX_DEPS_CFLAGS_value=
ac_cv_env_VAAPI_GLX_DEPS_LIBS_set=
ac_cv_env_VAAPI_GLX_DEPS_LIBS_value=
ac_cv_env_VAAPI_X11_DEPS_CFLAGS_set=
ac_cv_env_VAAPI_X11_DEPS_CFLAGS_value=
ac_cv_env_VAAPI_X11_DEPS_LIBS_set=
ac_cv_env_VAAPI_X11_DEPS_LIBS_value=
ac_cv_env_X11_DEPS_CFLAGS_set=
ac_cv_env_X11_DEPS_CFLAGS_value=
ac_cv_env_X11_DEPS_LIBS_set=
ac_cv_env_X11_DEPS_LIBS_value=
ac_cv_env_build_alias_set=
ac_cv_env_build_alias_value=
ac_cv_env_host_alias_set=
ac_cv_env_host_alias_value=
ac_cv_env_target_alias_set=
ac_cv_env_target_alias_value=
ac_cv_func_clock_gettime=yes
ac_cv_have_avcodec=yes
ac_cv_have_avformat=yes
ac_cv_have_avutil=yes
ac_cv_have_cairo=no
ac_cv_have_crystalhd=no
ac_cv_have_old_vaapi=no
ac_cv_have_swscale=yes
ac_cv_have_vaapi=yes
ac_cv_have_vaapi_drm=yes
ac_cv_have_vaapi_jpeg_decoding=yes
ac_cv_have_vaapi_x11=yes
ac_cv_have_vdpau=no
ac_cv_have_vdpau_mpeg4=no
ac_cv_have_xvba=no
ac_cv_header_GL_gl_h=yes
ac_cv_header_dlfcn_h=yes
ac_cv_header_drm_fourcc_h=yes
ac_cv_header_ffmpeg_avcodec_h=no
ac_cv_header_ffmpeg_avformat_h=no
ac_cv_header_ffmpeg_avutil_h=no
ac_cv_header_ffmpeg_swscale_h=no
ac_cv_header_inttypes_h=yes
ac_cv_header_libavcodec_avcodec_h=yes
ac_cv_header_libavcodec_vaapi_h=yes
ac_cv_header_libavformat_avformat_h=yes
ac_cv_header_libavutil_pixfmt_h=yes
ac_cv_header_libswscale_swscale_h=yes
ac_cv_header_memory_h=yes
ac_cv_header_stdc=yes
ac_cv_header_stdint_h=yes
ac_cv_header_stdlib_h=yes
ac_cv_header_string_h=yes
ac_cv_header_strings_h=yes
ac_cv_header_sys_stat_h=yes
ac_cv_header_sys_types_h=yes
ac_cv_header_unistd_h=yes
ac_cv_host=x86_64-unknown-linux-gnu
ac_cv_lib_pthread_pthread_create=yes
ac_cv_lib_rt_timer_create=yes
ac_cv_objext=o
ac_cv_path_EGREP='/bin/grep -E'
ac_cv_path_FGREP='/bin/grep -F'
ac_cv_path_GREP=/bin/grep
ac_cv_path_SED=/bin/sed
ac_cv_path_ac_pt_PKG_CONFIG=/usr/bin/pkg-config
ac_cv_path_install='/usr/bin/install -c'
ac_cv_path_mkdir=/bin/mkdir
ac_cv_prog_AWK=mawk
ac_cv_prog_CPP='gcc -E'
ac_cv_prog_ac_ct_AR=ar
ac_cv_prog_ac_ct_CC=gcc
ac_cv_prog_ac_ct_MANIFEST_TOOL=mt
ac_cv_prog_ac_ct_OBJDUMP=objdump
ac_cv_prog_ac_ct_RANLIB=ranlib
ac_cv_prog_ac_ct_STRIP=strip
ac_cv_prog_cc_c89=
ac_cv_prog_cc_g=yes
ac_cv_prog_make_make_set=yes
ac_cv_search_dlopen=-ldl
ac_cv_sys_file_offset_bits=no
ac_cv_sys_largefile_CC=no
am_cv_CC_dependencies_compiler_type=gcc3
am_cv_make_support_nested_variables=yes
am_cv_prog_cc_c_o=yes
lt_cv_ar_at_file=@
lt_cv_archive_cmds_need_lc=no
lt_cv_deplibs_check_method=pass_all
lt_cv_file_magic_cmd='$MAGIC_CMD'
lt_cv_file_magic_test_file=
lt_cv_ld_reload_flag=-r
lt_cv_nm_interface='BSD nm'
lt_cv_objdir=.libs
lt_cv_path_LD=/usr/bin/ld
lt_cv_path_NM='/usr/bin/nm -B'
lt_cv_path_mainfest_tool=no
lt_cv_prog_compiler_c_o=yes
lt_cv_prog_compiler_pic='-fPIC -DPIC'
lt_cv_prog_compiler_pic_works=yes
lt_cv_prog_compiler_rtti_exceptions=no
lt_cv_prog_compiler_static_works=yes
lt_cv_prog_gnu_ld=yes
lt_cv_sharedlib_from_linklib_cmd='printf %s\n'
lt_cv_shlibpath_overrides_runpath=no
lt_cv_sys_global_symbol_pipe='sed -n -e '\''s/^.*[	 ]\([ABCDGIRSTW][ABCDGIRSTW]*\)[	 ][	 ]*\([_A-Za-z][_A-Za-z0-9]*\)$/\1 \2 \2/p'\'' | sed '\''/ __gnu_lto/d'\'''
lt_cv_sys_global_symbol_to_c_name_address='sed -n -e '\''s/^: \([^ ]*\)[ ]*$/  {\"\1\", (void *) 0},/p'\'' -e '\''s/^[ABCDGIRSTW]* \([^ ]*\) \([^ ]*\)$/  {"\2", (void *) \&\2},/p'\'''
lt_cv_sys_global_symbol_to_c_name_address_lib_prefix='sed -n -e '\''s/^: \([^ ]*\)[ ]*$/  {\"\1\", (void *) 0},/p'\'' -e '\''s/^[ABCDGIRSTW]* \([^ ]*\) \(lib[^ ]*\)$/  {"\2", (void *) \&\2},/p'\'' -e '\''s/^[ABCDGIRSTW]* \([^ ]*\) \([^ ]*\)$/  {"lib\2", (void *) \&\2},/p'\'''
lt_cv_sys_global_symbol_to_cdecl='sed -n -e '\''s/^T .* \(.*\)$/extern int \1();/p'\'' -e '\''s/^[ABCDGIRSTW]* .* \(.*\)$/extern char \1;/p'\'''
lt_cv_sys_max_cmd_len=1572864
lt_cv_to_host_file_cmd=func_convert_file_noop
lt_cv_to_tool_file_cmd=func_convert_file_noop
pkg_cv_DRM_CFLAGS='-I/usr/include/libdrm '
pkg_cv_DRM_LIBS='-ldrm '
pkg_cv_GL_DEPS_CFLAGS='-I/usr/include/libdrm '
pkg_cv_GL_DEPS_LIBS='-lGL '
pkg_cv_LIBAVCODEC_CFLAGS='-I/usr/local/include '
pkg_cv_LIBAVCODEC_LIBS='-L/usr/local/lib -lavcodec -lxcb -lX11 -lxvidcore -lx265 -lx264 -lvpx -lvorbisenc -lvorbis -logg -ltheoraenc -ltheoradec -logg -lopus -lmp3lame -lfreetype -lfdk-aac -lass -lm -lz -pthread -lswresample -lm -lavutil -lm '
pkg_cv_LIBAVFORMAT_CFLAGS='-I/usr/local/include '
pkg_cv_LIBAVFORMAT_LIBS='-L/usr/local/lib -lavformat -lxcb -lX11 -lxvidcore -lx265 -lx264 -lvpx -lvorbisenc -lvorbis -logg -ltheoraenc -ltheoradec -logg -lopus -lmp3lame -lfreetype -lfdk-aac -lass -lm -lz -pthread -lavcodec -lxcb -lX11 -lxvidcore -lx265 -lx264 -lvpx -lvorbisenc -lvorbis -logg -ltheoraenc -ltheoradec -logg -lopus -lmp3lame -lfreetype -lfdk-aac -lass -lm -lz -pthread -lswresample -lm -lavutil -lm '
pkg_cv_LIBAVUTIL_CFLAGS='-I/usr/local/include '
pkg_cv_LIBAVUTIL_LIBS='-L/usr/local/lib -lavutil -lm '
pkg_cv_LIBSWSCALE_CFLAGS='-I/usr/local/include '
pkg_cv_LIBSWSCALE_LIBS='-L/usr/local/lib -lswscale -lm -lavutil -lm '
pkg_cv_UDEV_CFLAGS=
pkg_cv_UDEV_LIBS='-ludev '
pkg_cv_VAAPI_DEPS_CFLAGS=
pkg_cv_VAAPI_DEPS_LIBS='-lva '
pkg_cv_VAAPI_DRM_DEPS_CFLAGS=
pkg_cv_VAAPI_DRM_DEPS_LIBS='-lva-drm -lva '
pkg_cv_VAAPI_X11_DEPS_CFLAGS=
pkg_cv_VAAPI_X11_DEPS_LIBS='-lva-x11 -lva '
pkg_cv_X11_DEPS_CFLAGS=
pkg_cv_X11_DEPS_LIBS='-lX11 '

## ----------------- ##
## Output variables. ##
## ----------------- ##

ACLOCAL='${SHELL} /home/sol/projects/paperspace/PS_QTNativeApp/vaapi/hwdecode-demos/missing aclocal-1.15'
AMDEPBACKSLASH='\'
AMDEP_FALSE='#'
AMDEP_TRUE=''
AMTAR='$${TAR-tar}'
AM_BACKSLASH='\'
AM_DEFAULT_V='$(AM_DEFAULT_VERBOSITY)'
AM_DEFAULT_VERBOSITY='0'
AM_V='$(V)'
AR='ar'
AUTOCONF='${SHELL} /home/sol/projects/paperspace/PS_QTNativeApp/vaapi/hwdecode-demos/missing autoconf'
AUTOHEADER='${SHELL} /home/sol/projects/paperspace/PS_QTNativeApp/vaapi/hwdecode-demos/missing autoheader'
AUTOMAKE='${SHELL} /home/sol/projects/paperspace/PS_QTNativeApp/vaapi/hwdecode-demos/missing automake-1.15'
AWK='mawk'
CAIRO_CFLAGS=''
CAIRO_LIBS=''
CC='gcc'
CCDEPMODE='depmode=gcc3'
CFLAGS='-g -O2'
CPP='gcc -E'
CPPFLAGS=''
CRYSTALHD_CFLAGS='-I/usr/local/include/libcrystalhd -D__LINUX_USER__'
CRYSTALHD_LIBS='-lcrystalhd'
CYGPATH_W='echo'
DEFS='-DHAVE_CONFIG_H'
DEPDIR='.deps'
DLLTOOL='false'
DRM_CFLAGS='-I/usr/include/libdrm '
DRM_LIBS='-ldrm '
DSYMUTIL=''
DUMPBIN=''
ECHO_C=''
ECHO_N='-n'
ECHO_T=''
EGREP='/bin/grep -E'
EXEEXT=''
FGREP='/bin/grep -F'
GLU_DEPS_CFLAGS=''
GLU_DEPS_LIBS=''
GL_DEPS_CFLAGS='-I/usr/include/libdrm '
GL_DEPS_LIBS='-lGL '
GREP='/bin/grep'
INSTALL_DATA='${INSTALL} -m 644'
INSTALL_PROGRAM='${INSTALL}'
INSTALL_SCRIPT='${INSTALL}'
INSTALL_STRIP_PROGRAM='$(install_sh) -c -s'
LD='/usr/bin/ld -m elf_x86_64'
LDFLAGS=''
LIBAVCODEC_CFLAGS='-I/usr/local/include '
LIBAVCODEC_LIBS='-L/usr/local/lib -lavcodec -lxcb -lX11 -lxvidcore -lx265 -lx264 -lvpx -lvorbisenc -lvorbis -logg -ltheoraenc -ltheoradec -logg -lopus -lmp3lame -lfreetype -lfdk-aac -lass -lm -lz -pthread -lswresample -lm -lavutil -lm '
LIBAVFORMAT_CFLAGS='-I/usr/local/include '
LIBAVFORMAT_LIBS='-L/usr/local/lib -lavformat -lxcb -lX11 -lxvidcore -lx265 -lx264 -lvpx -lvorbisenc -lvorbis -logg -ltheoraenc -ltheoradec -logg -lopus -lmp3lame -lfreetype -lfdk-aac -lass -lm -lz -pthread -lavcodec -lxcb -lX11 -lxvidcore -lx265 -lx264 -lvpx -lvorbisenc -lvorbis -logg -ltheoraenc -ltheoradec -logg -lopus -lmp3lame -lfreetype -lfdk-aac -lass -lm -lz -pthread -lswresample -lm -lavutil -lm '
LIBAVUTIL_CFLAGS='-I/usr/local/include '
LIBAVUTIL_LIBS='-L/usr/local/lib -lavutil -lm '
LIBOBJS=''
LIBS='-ldl -lrt -lpthread '
LIBSWSCALE_CFLAGS='-I/usr/local/include '
LIBSWSCALE_LIBS='-L/usr/local/lib -lswscale -lm -lavutil -lm '
LIBTOOL='$(SHELL) $(top_builddir)/libtool'
LIPO=''
LN_S='ln -s'
LTLIBOBJS=''
MAKEINFO='${SHELL} /home/sol/projects/paperspace/PS_QTNativeApp/vaapi/hwdecode-demos/missing makeinfo'
MANIFEST_TOOL=':'
MKDIR_P='/bin/mkdir -p'
NM='/usr/bin/nm -B'
NMEDIT=''
OBJDUMP='objdump'
OBJEXT='o'
OLD_VAAPI_CFLAGS=''
OLD_VAAPI_LIBS=''
OTOOL64=''
OTOOL=''
PACKAGE='hwdecode-demos'
PACKAGE_BUGREPORT='gbeauchesne@splitted-desktop.com'
PACKAGE_NAME='hwdecode_demos'
PACKAGE_STRING='hwdecode_demos 0.9.6.pre1'
PACKAGE_TARNAME='hwdecode-demos'
PACKAGE_URL=''
PACKAGE_VERSION='0.9.6.pre1'
PATH_SEPARATOR=':'
PKG_CONFIG='/usr/bin/pkg-config'
PKG_CONFIG_LIBDIR=''
PKG_CONFIG_PATH=''
RANLIB='ranlib'
SED='/bin/sed'
SET_MAKE=''
SHELL='/bin/bash'
STRIP='strip'
UDEV_CFLAGS=''
UDEV_LIBS='-ludev '
USE_CAIRO_FALSE=''
USE_CAIRO_TRUE='#'
USE_CRYSTALHD_FALSE=''
USE_CRYSTALHD_TRUE='#'
USE_DRM_FALSE='#'
USE_DRM_TRUE=''
USE_FFMPEG_FALSE=''
USE_FFMPEG_TRUE='#'
USE_GLX_FALSE=''
USE_GLX_TRUE='#'
USE_OLD_VAAPI_FALSE=''
USE_OLD_VAAPI_TRUE='#'
USE_VAAPI_DRM_FALSE='#'
USE_VAAPI_DRM_TRUE=''
USE_VAAPI_FALSE='#'
USE_VAAPI_GLX_FALSE=''
USE_VAAPI_GLX_TRUE='#'
USE_VAAPI_JPEG_FALSE='#'
USE_VAAPI_JPEG_TRUE=''
USE_VAAPI_TRUE=''
USE_VAAPI_X11_FALSE='#'
USE_VAAPI_X11_TRUE=''
USE_VDPAU_FALSE=''
USE_VDPAU_MPEG4_FALSE=''
USE_VDPAU_MPEG4_TRUE='#'
USE_VDPAU_TRUE='#'
USE_X11_FALSE='#'
USE_X11_TRUE=''
USE_XVBA_FALSE=''
USE_XVBA_TRUE='#'
VAAPI_DEPS_CFLAGS=''
VAAPI_DEPS_LIBS='-lva '
VAAPI_DRM_DEPS_CFLAGS=''
VAAPI_DRM_DEPS_LIBS='-lva-drm -lva '
VAAPI_GLX_DEPS_CFLAGS=''
VAAPI_GLX_DEPS_LIBS=''
VAAPI_X11_DEPS_CFLAGS=''
VAAPI_X11_DEPS_LIBS='-lva-x11 -lva '
VDPAU_DEPS_CFLAGS=''
VDPAU_DEPS_LIBS=''
VERSION='0.9.6.pre1'
X11_DEPS_CFLAGS=''
X11_DEPS_LIBS='-lX11 '
XVBA_DEPS_CFLAGS=''
XVBA_DEPS_LIBS=''
ac_ct_AR='ar'
ac_ct_CC='gcc'
ac_ct_DUMPBIN=''
am__EXEEXT_FALSE=''
am__EXEEXT_TRUE='#'
am__fastdepCC_FALSE='#'
am__fastdepCC_TRUE=''
am__include='include'
am__isrc=''
am__leading_dot='.'
am__nodep='_no'
am__quote=''
am__tar='$${TAR-tar} chof - "$$tardir"'
am__untar='$${TAR-tar} xf -'
bindir='${exec_prefix}/bin'
build='x86_64-unknown-linux-gnu'
build_alias=''
build_cpu='x86_64'
build_os='linux-gnu'
build_vendor='unknown'
datadir='${datarootdir}'
datarootdir='${prefix}/share'
docdir='${datarootdir}/doc/${PACKAGE_TARNAME}'
dvidir='${docdir}'
exec_prefix='${prefix}'
host='x86_64-unknown-linux-gnu'
host_alias=''
host_cpu='x86_64'
host_os='linux-gnu'
host_vendor='unknown'
htmldir='${docdir}'
includedir='${prefix}/include'
infodir='${datarootdir}/info'
install_sh='${SHELL} /home/sol/projects/paperspace/PS_QTNativeApp/vaapi/hwdecode-demos/install-sh'
libdir='${exec_prefix}/lib'
libexecdir='${exec_prefix}/libexec'
localedir='${datarootdir}/locale'
localstatedir='${prefix}/var'
mandir='${datarootdir}/man'
mkdir_p='$(MKDIR_P)'
oldincludedir='/usr/include'
pdfdir='${docdir}'
prefix='/usr/local'
program_transform_name='s,x,x,'
psdir='${docdir}'
sbindir='${exec_prefix}/sbin'
sharedstatedir='${prefix}/com'
sysconfdir='${prefix}/etc'
target_alias=''

## ----------- ##
## confdefs.h. ##
## ----------- ##

/* confdefs.h */
#define PACKAGE_NAME "hwdecode_demos"
#define PACKAGE_TARNAME "hwdecode-demos"
#define PACKAGE_VERSION "0.9.6.pre1"
#define PACKAGE_STRING "hwdecode_demos 0.9.6.pre1"
#define PACKAGE_BUGREPORT "gbeauchesne@splitted-desktop.com"
#define PACKAGE_URL ""
#define PACKAGE "hwdecode-demos"
#define VERSION "0.9.6.pre1"
#define HWDECODE_DEMOS_MAJOR_VERSION 0
#define HWDECODE_DEMOS_MINOR_VERSION 9
#define HWDECODE_DEMOS_MICRO_VERSION 6
#define HWDECODE_DEMOS_PRE_VERSION 1
#define STDC_HEADERS 1
#define HAVE_SYS_TYPES_H 1
#define HAVE_SYS_STAT_H 1
#define HAVE_STDLIB_H 1
#define HAVE_STRING_H 1
#define HAVE_MEMORY_H 1
#define HAVE_STRINGS_H 1
#define HAVE_INTTYPES_H 1
#define HAVE_STDINT_H 1
#define HAVE_UNISTD_H 1
#define HAVE_DLFCN_H 1
#define LT_OBJDIR ".libs/"
#define STDC_HEADERS 1
#define HAVE_LIBPTHREAD 1
#define HAVE_PTHREADS 1
#define HAVE_LIBRT 1
#define HAVE_CLOCK_GETTIME 1
#define HAVE_AVUTIL 1
#define HAVE_LIBAVUTIL_PIXFMT_H 1
#define HAVE_AVFORMAT 1
#define HAVE_LIBAVFORMAT_AVFORMAT_H 1
#define HAVE_AVCODEC 1
#define HAVE_LIBAVCODEC_AVCODEC_H 1
#define HAVE_LIBAVCODEC_VAAPI_H 1
#define HAVE_SWSCALE 1
#define HAVE_LIBSWSCALE_SWSCALE_H 1
#define HAVE_DRM_FOURCC_H 1
#define USE_DRM 1
#define USE_X11 1
#define HAVE_GL_GL_H 1
#define HAVE_VDPAU_MPEG4 0

configure: exit 0
